==========================================
Output of SLURM job 28103 on deepdriver05 with GPU ids: 5
==========================================
+ python tide.py
-- coco_instances_results --

bbox AP @ 50: 56.61

                         Main Errors
=============================================================
  Type      Cls      Loc     Both     Dupe      Bkg     Miss  
-------------------------------------------------------------
   dAP     3.25     6.72     1.14     0.36     3.63     5.51  
=============================================================

        Special Error
=============================
  Type   FalsePos   FalseNeg  
-----------------------------
   dAP      23.65      11.81  
=============================

-- coco_instances_results --

bbox AP @ 50: 56.61

                         Main Errors
=============================================================
  Type      Cls      Loc     Both     Dupe      Bkg     Miss  
-------------------------------------------------------------
   dAP     3.25     6.72     1.14     0.36     3.63     5.51  
=============================================================

        Special Error
=============================
  Type   FalsePos   FalseNeg  
-----------------------------
   dAP      23.65      11.81  
=============================

-- coco_instances_results_0 --

bbox AP @ 50: 56.80

                         Main Errors
=============================================================
  Type      Cls      Loc     Both     Dupe      Bkg     Miss  
-------------------------------------------------------------
   dAP     5.87     6.85     1.04     0.36     3.70     5.83  
=============================================================

        Special Error
=============================
  Type   FalsePos   FalseNeg  
-----------------------------
   dAP      19.20      16.16  
=============================

-- coco_instances_results --

bbox AP @ 50: 56.61

                         Main Errors
=============================================================
  Type      Cls      Loc     Both     Dupe      Bkg     Miss  
-------------------------------------------------------------
   dAP     3.25     6.72     1.14     0.36     3.63     5.51  
=============================================================

        Special Error
=============================
  Type   FalsePos   FalseNeg  
-----------------------------
   dAP      23.65      11.81  
=============================

-- coco_instances_results_0 --

bbox AP @ 50: 56.80

                         Main Errors
=============================================================
  Type      Cls      Loc     Both     Dupe      Bkg     Miss  
-------------------------------------------------------------
   dAP     5.87     6.85     1.04     0.36     3.70     5.83  
=============================================================

        Special Error
=============================
  Type   FalsePos   FalseNeg  
-----------------------------
   dAP      19.20      16.16  
=============================

-- coco_instances_results_1 --

bbox AP @ 50: 56.26

                         Main Errors
=============================================================
  Type      Cls      Loc     Both     Dupe      Bkg     Miss  
-------------------------------------------------------------
   dAP     6.75     6.92     0.80     0.36     3.71     6.20  
=============================================================

        Special Error
=============================
  Type   FalsePos   FalseNeg  
-----------------------------
   dAP      17.96      18.71  
=============================

-- coco_instances_results --

bbox AP @ 50: 56.61

                         Main Errors
=============================================================
  Type      Cls      Loc     Both     Dupe      Bkg     Miss  
-------------------------------------------------------------
   dAP     3.25     6.72     1.14     0.36     3.63     5.51  
=============================================================

        Special Error
=============================
  Type   FalsePos   FalseNeg  
-----------------------------
   dAP      23.65      11.81  
=============================

-- coco_instances_results_0 --

bbox AP @ 50: 56.80

                         Main Errors
=============================================================
  Type      Cls      Loc     Both     Dupe      Bkg     Miss  
-------------------------------------------------------------
   dAP     5.87     6.85     1.04     0.36     3.70     5.83  
=============================================================

        Special Error
=============================
  Type   FalsePos   FalseNeg  
-----------------------------
   dAP      19.20      16.16  
=============================

-- coco_instances_results_1 --

bbox AP @ 50: 56.26

                         Main Errors
=============================================================
  Type      Cls      Loc     Both     Dupe      Bkg     Miss  
-------------------------------------------------------------
   dAP     6.75     6.92     0.80     0.36     3.71     6.20  
=============================================================

        Special Error
=============================
  Type   FalsePos   FalseNeg  
-----------------------------
   dAP      17.96      18.71  
=============================

-- coco_instances_results_2 --

bbox AP @ 50: 55.66

                         Main Errors
=============================================================
  Type      Cls      Loc     Both     Dupe      Bkg     Miss  
-------------------------------------------------------------
   dAP     9.12     6.68     0.78     0.35     3.18     6.44  
=============================================================

        Special Error
=============================
  Type   FalsePos   FalseNeg  
-----------------------------
   dAP      16.30      21.31  
=============================

-- coco_instances_results --

bbox AP @ 50: 56.89

                         Main Errors
=============================================================
  Type      Cls      Loc     Both     Dupe      Bkg     Miss  
-------------------------------------------------------------
   dAP     3.46     6.61     1.14     0.34     3.56     5.61  
=============================================================

        Special Error
=============================
  Type   FalsePos   FalseNeg  
-----------------------------
   dAP      23.10      12.24  
=============================

-- coco_instances_results --

bbox AP @ 50: 56.89

                         Main Errors
=============================================================
  Type      Cls      Loc     Both     Dupe      Bkg     Miss  
-------------------------------------------------------------
   dAP     3.46     6.61     1.14     0.34     3.56     5.61  
=============================================================

        Special Error
=============================
  Type   FalsePos   FalseNeg  
-----------------------------
   dAP      23.10      12.24  
=============================

-- coco_instances_results_0 --

bbox AP @ 50: 57.16

                         Main Errors
=============================================================
  Type      Cls      Loc     Both     Dupe      Bkg     Miss  
-------------------------------------------------------------
   dAP     5.06     6.74     1.11     0.37     3.72     5.63  
=============================================================

        Special Error
=============================
  Type   FalsePos   FalseNeg  
-----------------------------
   dAP      19.82      14.97  
=============================

-- coco_instances_results --

bbox AP @ 50: 56.89

                         Main Errors
=============================================================
  Type      Cls      Loc     Both     Dupe      Bkg     Miss  
-------------------------------------------------------------
   dAP     3.46     6.61     1.14     0.34     3.56     5.61  
=============================================================

        Special Error
=============================
  Type   FalsePos   FalseNeg  
-----------------------------
   dAP      23.10      12.24  
=============================

-- coco_instances_results_0 --

bbox AP @ 50: 57.16

                         Main Errors
=============================================================
  Type      Cls      Loc     Both     Dupe      Bkg     Miss  
-------------------------------------------------------------
   dAP     5.06     6.74     1.11     0.37     3.72     5.63  
=============================================================

        Special Error
=============================
  Type   FalsePos   FalseNeg  
-----------------------------
   dAP      19.82      14.97  
=============================

-- coco_instances_results_1 --

bbox AP @ 50: 56.60

                         Main Errors
=============================================================
  Type      Cls      Loc     Both     Dupe      Bkg     Miss  
-------------------------------------------------------------
   dAP     5.77     6.80     0.88     0.38     3.70     5.93  
=============================================================

        Special Error
=============================
  Type   FalsePos   FalseNeg  
-----------------------------
   dAP      18.83      15.98  
=============================

-- coco_instances_results --

bbox AP @ 50: 56.89

                         Main Errors
=============================================================
  Type      Cls      Loc     Both     Dupe      Bkg     Miss  
-------------------------------------------------------------
   dAP     3.46     6.61     1.14     0.34     3.56     5.61  
=============================================================

        Special Error
=============================
  Type   FalsePos   FalseNeg  
-----------------------------
   dAP      23.10      12.24  
=============================

-- coco_instances_results_0 --

bbox AP @ 50: 57.16

                         Main Errors
=============================================================
  Type      Cls      Loc     Both     Dupe      Bkg     Miss  
-------------------------------------------------------------
   dAP     5.06     6.74     1.11     0.37     3.72     5.63  
=============================================================

        Special Error
=============================
  Type   FalsePos   FalseNeg  
-----------------------------
   dAP      19.82      14.97  
=============================

-- coco_instances_results_1 --

bbox AP @ 50: 56.60

                         Main Errors
=============================================================
  Type      Cls      Loc     Both     Dupe      Bkg     Miss  
-------------------------------------------------------------
   dAP     5.77     6.80     0.88     0.38     3.70     5.93  
=============================================================

        Special Error
=============================
  Type   FalsePos   FalseNeg  
-----------------------------
   dAP      18.83      15.98  
=============================

-- coco_instances_results_2 --

bbox AP @ 50: 56.44

                         Main Errors
=============================================================
  Type      Cls      Loc     Both     Dupe      Bkg     Miss  
-------------------------------------------------------------
   dAP     8.17     6.77     0.94     0.38     3.24     6.04  
=============================================================

        Special Error
=============================
  Type   FalsePos   FalseNeg  
-----------------------------
   dAP      16.80      18.89  
=============================

