==========================================
Output of SLURM job 28087 on deepdriver05 with GPU ids: 5
==========================================
+ python tide.py
-- coco_instances_results --

bbox AP @ 50: 56.61

                         Main Errors
=============================================================
  Type      Cls      Loc     Both     Dupe      Bkg     Miss  
-------------------------------------------------------------
   dAP     3.25     6.72     1.14     0.36     3.63     5.51  
=============================================================

        Special Error
=============================
  Type   FalsePos   FalseNeg  
-----------------------------
   dAP      23.65      11.81  
=============================

/media/deepstorage01/datasets_external/coco/annotations/instances_val2017_level_0.json
-- coco_instances_results --

bbox AP @ 50: 56.61

                         Main Errors
=============================================================
  Type      Cls      Loc     Both     Dupe      Bkg     Miss  
-------------------------------------------------------------
   dAP     3.25     6.72     1.14     0.36     3.63     5.51  
=============================================================

        Special Error
=============================
  Type   FalsePos   FalseNeg  
-----------------------------
   dAP      23.65      11.81  
=============================

-- coco_instances_results_0 --

bbox AP @ 50: 56.80

                         Main Errors
=============================================================
  Type      Cls      Loc     Both     Dupe      Bkg     Miss  
-------------------------------------------------------------
   dAP     5.87     6.85     1.04     0.36     3.70     5.83  
=============================================================

        Special Error
=============================
  Type   FalsePos   FalseNeg  
-----------------------------
   dAP      19.20      16.16  
=============================

/media/deepstorage01/datasets_external/coco/annotations/instances_val2017_level_1.json
-- coco_instances_results --

bbox AP @ 50: 56.61

                         Main Errors
=============================================================
  Type      Cls      Loc     Both     Dupe      Bkg     Miss  
-------------------------------------------------------------
   dAP     3.25     6.72     1.14     0.36     3.63     5.51  
=============================================================

        Special Error
=============================
  Type   FalsePos   FalseNeg  
-----------------------------
   dAP      23.65      11.81  
=============================

-- coco_instances_results_0 --

bbox AP @ 50: 56.80

                         Main Errors
=============================================================
  Type      Cls      Loc     Both     Dupe      Bkg     Miss  
-------------------------------------------------------------
   dAP     5.87     6.85     1.04     0.36     3.70     5.83  
=============================================================

        Special Error
=============================
  Type   FalsePos   FalseNeg  
-----------------------------
   dAP      19.20      16.16  
=============================

-- coco_instances_results_1 --

bbox AP @ 50: 56.26

                         Main Errors
=============================================================
  Type      Cls      Loc     Both     Dupe      Bkg     Miss  
-------------------------------------------------------------
   dAP     6.75     6.92     0.80     0.36     3.71     6.20  
=============================================================

        Special Error
=============================
  Type   FalsePos   FalseNeg  
-----------------------------
   dAP      17.96      18.71  
=============================

/media/deepstorage01/datasets_external/coco/annotations/instances_val2017_level_2.json
-- coco_instances_results --

bbox AP @ 50: 56.61

                         Main Errors
=============================================================
  Type      Cls      Loc     Both     Dupe      Bkg     Miss  
-------------------------------------------------------------
   dAP     3.25     6.72     1.14     0.36     3.63     5.51  
=============================================================

        Special Error
=============================
  Type   FalsePos   FalseNeg  
-----------------------------
   dAP      23.65      11.81  
=============================

-- coco_instances_results_0 --

bbox AP @ 50: 56.80

                         Main Errors
=============================================================
  Type      Cls      Loc     Both     Dupe      Bkg     Miss  
-------------------------------------------------------------
   dAP     5.87     6.85     1.04     0.36     3.70     5.83  
=============================================================

        Special Error
=============================
  Type   FalsePos   FalseNeg  
-----------------------------
   dAP      19.20      16.16  
=============================

-- coco_instances_results_1 --

bbox AP @ 50: 56.26

                         Main Errors
=============================================================
  Type      Cls      Loc     Both     Dupe      Bkg     Miss  
-------------------------------------------------------------
   dAP     6.75     6.92     0.80     0.36     3.71     6.20  
=============================================================

        Special Error
=============================
  Type   FalsePos   FalseNeg  
-----------------------------
   dAP      17.96      18.71  
=============================

-- coco_instances_results_2 --

bbox AP @ 50: 55.66

                         Main Errors
=============================================================
  Type      Cls      Loc     Both     Dupe      Bkg     Miss  
-------------------------------------------------------------
   dAP     9.12     6.68     0.78     0.35     3.18     6.44  
=============================================================

        Special Error
=============================
  Type   FalsePos   FalseNeg  
-----------------------------
   dAP      16.30      21.31  
=============================

/media/deepstorage01/datasets_external/coco/annotations/instances_val2017_level_3.json
-- coco_instances_results --

bbox AP @ 50: 56.61

                         Main Errors
=============================================================
  Type      Cls      Loc     Both     Dupe      Bkg     Miss  
-------------------------------------------------------------
   dAP     3.25     6.72     1.14     0.36     3.63     5.51  
=============================================================

        Special Error
=============================
  Type   FalsePos   FalseNeg  
-----------------------------
   dAP      23.65      11.81  
=============================

-- coco_instances_results_0 --

bbox AP @ 50: 56.80

                         Main Errors
=============================================================
  Type      Cls      Loc     Both     Dupe      Bkg     Miss  
-------------------------------------------------------------
   dAP     5.87     6.85     1.04     0.36     3.70     5.83  
=============================================================

        Special Error
=============================
  Type   FalsePos   FalseNeg  
-----------------------------
   dAP      19.20      16.16  
=============================

-- coco_instances_results_1 --

bbox AP @ 50: 56.26

                         Main Errors
=============================================================
  Type      Cls      Loc     Both     Dupe      Bkg     Miss  
-------------------------------------------------------------
   dAP     6.75     6.92     0.80     0.36     3.71     6.20  
=============================================================

        Special Error
=============================
  Type   FalsePos   FalseNeg  
-----------------------------
   dAP      17.96      18.71  
=============================

-- coco_instances_results_2 --

bbox AP @ 50: 55.66

                         Main Errors
=============================================================
  Type      Cls      Loc     Both     Dupe      Bkg     Miss  
-------------------------------------------------------------
   dAP     9.12     6.68     0.78     0.35     3.18     6.44  
=============================================================

        Special Error
=============================
  Type   FalsePos   FalseNeg  
-----------------------------
   dAP      16.30      21.31  
=============================

-- coco_instances_results_3 --

bbox AP @ 50: 55.91

                         Main Errors
=============================================================
  Type      Cls      Loc     Both     Dupe      Bkg     Miss  
-------------------------------------------------------------
   dAP    11.49     6.31     0.61     0.36     2.83     6.15  
=============================================================

        Special Error
=============================
  Type   FalsePos   FalseNeg  
-----------------------------
   dAP      14.42      23.64  
=============================

/media/deepstorage01/datasets_external/coco/annotations/instances_val2017_level_4.json
-- coco_instances_results --

bbox AP @ 50: 56.61

                         Main Errors
=============================================================
  Type      Cls      Loc     Both     Dupe      Bkg     Miss  
-------------------------------------------------------------
   dAP     3.25     6.72     1.14     0.36     3.63     5.51  
=============================================================

        Special Error
=============================
  Type   FalsePos   FalseNeg  
-----------------------------
   dAP      23.65      11.81  
=============================

-- coco_instances_results_0 --

bbox AP @ 50: 56.80

                         Main Errors
=============================================================
  Type      Cls      Loc     Both     Dupe      Bkg     Miss  
-------------------------------------------------------------
   dAP     5.87     6.85     1.04     0.36     3.70     5.83  
=============================================================

        Special Error
=============================
  Type   FalsePos   FalseNeg  
-----------------------------
   dAP      19.20      16.16  
=============================

-- coco_instances_results_1 --

bbox AP @ 50: 56.26

                         Main Errors
=============================================================
  Type      Cls      Loc     Both     Dupe      Bkg     Miss  
-------------------------------------------------------------
   dAP     6.75     6.92     0.80     0.36     3.71     6.20  
=============================================================

        Special Error
=============================
  Type   FalsePos   FalseNeg  
-----------------------------
   dAP      17.96      18.71  
=============================

-- coco_instances_results_2 --

bbox AP @ 50: 55.66

                         Main Errors
=============================================================
  Type      Cls      Loc     Both     Dupe      Bkg     Miss  
-------------------------------------------------------------
   dAP     9.12     6.68     0.78     0.35     3.18     6.44  
=============================================================

        Special Error
=============================
  Type   FalsePos   FalseNeg  
-----------------------------
   dAP      16.30      21.31  
=============================

-- coco_instances_results_3 --

bbox AP @ 50: 55.91

                         Main Errors
=============================================================
  Type      Cls      Loc     Both     Dupe      Bkg     Miss  
-------------------------------------------------------------
   dAP    11.49     6.31     0.61     0.36     2.83     6.15  
=============================================================

        Special Error
=============================
  Type   FalsePos   FalseNeg  
-----------------------------
   dAP      14.42      23.64  
=============================

-- coco_instances_results_4 --

bbox AP @ 50: 60.02

                         Main Errors
=============================================================
  Type      Cls      Loc     Both     Dupe      Bkg     Miss  
-------------------------------------------------------------
   dAP     9.43     6.19     0.63     0.41     2.98     5.52  
=============================================================

        Special Error
=============================
  Type   FalsePos   FalseNeg  
-----------------------------
   dAP      15.18      19.16  
=============================

