==========================================
Output of SLURM job 28089 on deepdriver05 with GPU ids: 5
==========================================
+ python tide.py
/home/shkodran/.virtualenvs/detectron/lib/python3.7/site-packages/tidecv/plotting.py:123: MatplotlibDeprecationWarning: normalize=None does not normalize if the sum is less than 1 but this behavior is deprecated since 3.3 until two minor releases later. After the deprecation period the default value will be normalize=True. To prevent normalization pass normalize=False 
  autopct='%1.1f%%', startangle=90)
-- coco_instances_results --

bbox AP @ 50: 56.61

                         Main Errors
=============================================================
  Type      Cls      Loc     Both     Dupe      Bkg     Miss  
-------------------------------------------------------------
   dAP     3.25     6.72     1.14     0.36     3.63     5.51  
=============================================================

        Special Error
=============================
  Type   FalsePos   FalseNeg  
-----------------------------
   dAP      23.65      11.81  
=============================

/media/deepstorage01/datasets_external/coco/annotations/instances_val2017_level_0.json
-- coco_instances_results --

bbox AP @ 50: 56.61

                         Main Errors
=============================================================
  Type      Cls      Loc     Both     Dupe      Bkg     Miss  
-------------------------------------------------------------
   dAP     3.25     6.72     1.14     0.36     3.63     5.51  
=============================================================

        Special Error
=============================
  Type   FalsePos   FalseNeg  
-----------------------------
   dAP      23.65      11.81  
=============================

-- coco_instances_results_0 --

bbox AP @ 50: 56.80

                         Main Errors
=============================================================
  Type      Cls      Loc     Both     Dupe      Bkg     Miss  
-------------------------------------------------------------
   dAP     5.87     6.85     1.04     0.36     3.70     5.83  
=============================================================

        Special Error
=============================
  Type   FalsePos   FalseNeg  
-----------------------------
   dAP      19.20      16.16  
=============================

/media/deepstorage01/datasets_external/coco/annotations/instances_val2017_level_1.json
-- coco_instances_results --

bbox AP @ 50: 56.61

                         Main Errors
=============================================================
  Type      Cls      Loc     Both     Dupe      Bkg     Miss  
-------------------------------------------------------------
   dAP     3.25     6.72     1.14     0.36     3.63     5.51  
=============================================================

        Special Error
=============================
  Type   FalsePos   FalseNeg  
-----------------------------
   dAP      23.65      11.81  
=============================

-- coco_instances_results_0 --

bbox AP @ 50: 56.80

                         Main Errors
=============================================================
  Type      Cls      Loc     Both     Dupe      Bkg     Miss  
-------------------------------------------------------------
   dAP     5.87     6.85     1.04     0.36     3.70     5.83  
=============================================================

        Special Error
=============================
  Type   FalsePos   FalseNeg  
-----------------------------
   dAP      19.20      16.16  
=============================

-- coco_instances_results_1 --

bbox AP @ 50: 56.26

                         Main Errors
=============================================================
  Type      Cls      Loc     Both     Dupe      Bkg     Miss  
-------------------------------------------------------------
   dAP     6.75     6.92     0.80     0.36     3.71     6.20  
=============================================================

        Special Error
=============================
  Type   FalsePos   FalseNeg  
-----------------------------
   dAP      17.96      18.71  
=============================

/media/deepstorage01/datasets_external/coco/annotations/instances_val2017_level_2.json
-- coco_instances_results --

bbox AP @ 50: 56.61

                         Main Errors
=============================================================
  Type      Cls      Loc     Both     Dupe      Bkg     Miss  
-------------------------------------------------------------
   dAP     3.25     6.72     1.14     0.36     3.63     5.51  
=============================================================

        Special Error
=============================
  Type   FalsePos   FalseNeg  
-----------------------------
   dAP      23.65      11.81  
=============================

-- coco_instances_results_0 --

bbox AP @ 50: 56.80

                         Main Errors
=============================================================
  Type      Cls      Loc     Both     Dupe      Bkg     Miss  
-------------------------------------------------------------
   dAP     5.87     6.85     1.04     0.36     3.70     5.83  
=============================================================

        Special Error
=============================
  Type   FalsePos   FalseNeg  
-----------------------------
   dAP      19.20      16.16  
=============================

-- coco_instances_results_1 --

bbox AP @ 50: 56.26

                         Main Errors
=============================================================
  Type      Cls      Loc     Both     Dupe      Bkg     Miss  
-------------------------------------------------------------
   dAP     6.75     6.92     0.80     0.36     3.71     6.20  
=============================================================

        Special Error
=============================
  Type   FalsePos   FalseNeg  
-----------------------------
   dAP      17.96      18.71  
=============================

-- coco_instances_results_2 --

bbox AP @ 50: 55.66

                         Main Errors
=============================================================
  Type      Cls      Loc     Both     Dupe      Bkg     Miss  
-------------------------------------------------------------
   dAP     9.12     6.68     0.78     0.35     3.18     6.44  
=============================================================

        Special Error
=============================
  Type   FalsePos   FalseNeg  
-----------------------------
   dAP      16.30      21.31  
=============================

/media/deepstorage01/datasets_external/coco/annotations/instances_val2017_level_3.json
-- coco_instances_results --

bbox AP @ 50: 56.61

                         Main Errors
=============================================================
  Type      Cls      Loc     Both     Dupe      Bkg     Miss  
-------------------------------------------------------------
   dAP     3.25     6.72     1.14     0.36     3.63     5.51  
=============================================================

        Special Error
=============================
  Type   FalsePos   FalseNeg  
-----------------------------
   dAP      23.65      11.81  
=============================

-- coco_instances_results_0 --

bbox AP @ 50: 56.80

                         Main Errors
=============================================================
  Type      Cls      Loc     Both     Dupe      Bkg     Miss  
-------------------------------------------------------------
   dAP     5.87     6.85     1.04     0.36     3.70     5.83  
=============================================================

        Special Error
=============================
  Type   FalsePos   FalseNeg  
-----------------------------
   dAP      19.20      16.16  
=============================

-- coco_instances_results_1 --

bbox AP @ 50: 56.26

                         Main Errors
=============================================================
  Type      Cls      Loc     Both     Dupe      Bkg     Miss  
-------------------------------------------------------------
   dAP     6.75     6.92     0.80     0.36     3.71     6.20  
=============================================================

        Special Error
=============================
  Type   FalsePos   FalseNeg  
-----------------------------
   dAP      17.96      18.71  
=============================

-- coco_instances_results_2 --

bbox AP @ 50: 55.66

                         Main Errors
=============================================================
  Type      Cls      Loc     Both     Dupe      Bkg     Miss  
-------------------------------------------------------------
   dAP     9.12     6.68     0.78     0.35     3.18     6.44  
=============================================================

        Special Error
=============================
  Type   FalsePos   FalseNeg  
-----------------------------
   dAP      16.30      21.31  
=============================

-- coco_instances_results_3 --

bbox AP @ 50: 55.91

                         Main Errors
=============================================================
  Type      Cls      Loc     Both     Dupe      Bkg     Miss  
-------------------------------------------------------------
   dAP    11.49     6.31     0.61     0.36     2.83     6.15  
=============================================================

        Special Error
=============================
  Type   FalsePos   FalseNeg  
-----------------------------
   dAP      14.42      23.64  
=============================

/media/deepstorage01/datasets_external/coco/annotations/instances_val2017_level_4.json
-- coco_instances_results --

bbox AP @ 50: 56.61

                         Main Errors
=============================================================
  Type      Cls      Loc     Both     Dupe      Bkg     Miss  
-------------------------------------------------------------
   dAP     3.25     6.72     1.14     0.36     3.63     5.51  
=============================================================

        Special Error
=============================
  Type   FalsePos   FalseNeg  
-----------------------------
   dAP      23.65      11.81  
=============================

-- coco_instances_results_0 --

bbox AP @ 50: 56.80

                         Main Errors
=============================================================
  Type      Cls      Loc     Both     Dupe      Bkg     Miss  
-------------------------------------------------------------
   dAP     5.87     6.85     1.04     0.36     3.70     5.83  
=============================================================

        Special Error
=============================
  Type   FalsePos   FalseNeg  
-----------------------------
   dAP      19.20      16.16  
=============================

-- coco_instances_results_1 --

bbox AP @ 50: 56.26

                         Main Errors
=============================================================
  Type      Cls      Loc     Both     Dupe      Bkg     Miss  
-------------------------------------------------------------
   dAP     6.75     6.92     0.80     0.36     3.71     6.20  
=============================================================

        Special Error
=============================
  Type   FalsePos   FalseNeg  
-----------------------------
   dAP      17.96      18.71  
=============================

-- coco_instances_results_2 --

bbox AP @ 50: 55.66

                         Main Errors
=============================================================
  Type      Cls      Loc     Both     Dupe      Bkg     Miss  
-------------------------------------------------------------
   dAP     9.12     6.68     0.78     0.35     3.18     6.44  
=============================================================

        Special Error
=============================
  Type   FalsePos   FalseNeg  
-----------------------------
   dAP      16.30      21.31  
=============================

-- coco_instances_results_3 --

bbox AP @ 50: 55.91

                         Main Errors
=============================================================
  Type      Cls      Loc     Both     Dupe      Bkg     Miss  
-------------------------------------------------------------
   dAP    11.49     6.31     0.61     0.36     2.83     6.15  
=============================================================

        Special Error
=============================
  Type   FalsePos   FalseNeg  
-----------------------------
   dAP      14.42      23.64  
=============================

-- coco_instances_results_4 --

bbox AP @ 50: 60.02

                         Main Errors
=============================================================
  Type      Cls      Loc     Both     Dupe      Bkg     Miss  
-------------------------------------------------------------
   dAP     9.43     6.19     0.63     0.41     2.98     5.52  
=============================================================

        Special Error
=============================
  Type   FalsePos   FalseNeg  
-----------------------------
   dAP      15.18      19.16  
=============================

/media/deepstorage01/datasets_external/coco/annotations/instances_val2017_level_5.json
-- coco_instances_results --

bbox AP @ 50: 56.61

                         Main Errors
=============================================================
  Type      Cls      Loc     Both     Dupe      Bkg     Miss  
-------------------------------------------------------------
   dAP     3.25     6.72     1.14     0.36     3.63     5.51  
=============================================================

        Special Error
=============================
  Type   FalsePos   FalseNeg  
-----------------------------
   dAP      23.65      11.81  
=============================

-- coco_instances_results_0 --

bbox AP @ 50: 56.80

                         Main Errors
=============================================================
  Type      Cls      Loc     Both     Dupe      Bkg     Miss  
-------------------------------------------------------------
   dAP     5.87     6.85     1.04     0.36     3.70     5.83  
=============================================================

        Special Error
=============================
  Type   FalsePos   FalseNeg  
-----------------------------
   dAP      19.20      16.16  
=============================

-- coco_instances_results_1 --

bbox AP @ 50: 56.26

                         Main Errors
=============================================================
  Type      Cls      Loc     Both     Dupe      Bkg     Miss  
-------------------------------------------------------------
   dAP     6.75     6.92     0.80     0.36     3.71     6.20  
=============================================================

        Special Error
=============================
  Type   FalsePos   FalseNeg  
-----------------------------
   dAP      17.96      18.71  
=============================

-- coco_instances_results_2 --

bbox AP @ 50: 55.66

                         Main Errors
=============================================================
  Type      Cls      Loc     Both     Dupe      Bkg     Miss  
-------------------------------------------------------------
   dAP     9.12     6.68     0.78     0.35     3.18     6.44  
=============================================================

        Special Error
=============================
  Type   FalsePos   FalseNeg  
-----------------------------
   dAP      16.30      21.31  
=============================

-- coco_instances_results_3 --

bbox AP @ 50: 55.91

                         Main Errors
=============================================================
  Type      Cls      Loc     Both     Dupe      Bkg     Miss  
-------------------------------------------------------------
   dAP    11.49     6.31     0.61     0.36     2.83     6.15  
=============================================================

        Special Error
=============================
  Type   FalsePos   FalseNeg  
-----------------------------
   dAP      14.42      23.64  
=============================

-- coco_instances_results_4 --

bbox AP @ 50: 60.02

                         Main Errors
=============================================================
  Type      Cls      Loc     Both     Dupe      Bkg     Miss  
-------------------------------------------------------------
   dAP     9.43     6.19     0.63     0.41     2.98     5.52  
=============================================================

        Special Error
=============================
  Type   FalsePos   FalseNeg  
-----------------------------
   dAP      15.18      19.16  
=============================

-- coco_instances_results_5 --

bbox AP @ 50: 65.54

                         Main Errors
=============================================================
  Type      Cls      Loc     Both     Dupe      Bkg     Miss  
-------------------------------------------------------------
   dAP     6.00     6.57     0.67     0.42     3.00     4.27  
=============================================================

        Special Error
=============================
  Type   FalsePos   FalseNeg  
-----------------------------
   dAP      16.03      13.82  
=============================

/media/deepstorage01/datasets_external/coco/annotations/instances_val2017_level_6.json
-- coco_instances_results --

bbox AP @ 50: 56.61

                         Main Errors
=============================================================
  Type      Cls      Loc     Both     Dupe      Bkg     Miss  
-------------------------------------------------------------
   dAP     3.25     6.72     1.14     0.36     3.63     5.51  
=============================================================

        Special Error
=============================
  Type   FalsePos   FalseNeg  
-----------------------------
   dAP      23.65      11.81  
=============================

-- coco_instances_results_0 --

bbox AP @ 50: 56.80

                         Main Errors
=============================================================
  Type      Cls      Loc     Both     Dupe      Bkg     Miss  
-------------------------------------------------------------
   dAP     5.87     6.85     1.04     0.36     3.70     5.83  
=============================================================

        Special Error
=============================
  Type   FalsePos   FalseNeg  
-----------------------------
   dAP      19.20      16.16  
=============================

-- coco_instances_results_1 --

bbox AP @ 50: 56.26

                         Main Errors
=============================================================
  Type      Cls      Loc     Both     Dupe      Bkg     Miss  
-------------------------------------------------------------
   dAP     6.75     6.92     0.80     0.36     3.71     6.20  
=============================================================

        Special Error
=============================
  Type   FalsePos   FalseNeg  
-----------------------------
   dAP      17.96      18.71  
=============================

-- coco_instances_results_2 --

bbox AP @ 50: 55.66

                         Main Errors
=============================================================
  Type      Cls      Loc     Both     Dupe      Bkg     Miss  
-------------------------------------------------------------
   dAP     9.12     6.68     0.78     0.35     3.18     6.44  
=============================================================

        Special Error
=============================
  Type   FalsePos   FalseNeg  
-----------------------------
   dAP      16.30      21.31  
=============================

-- coco_instances_results_3 --

bbox AP @ 50: 55.91

                         Main Errors
=============================================================
  Type      Cls      Loc     Both     Dupe      Bkg     Miss  
-------------------------------------------------------------
   dAP    11.49     6.31     0.61     0.36     2.83     6.15  
=============================================================

        Special Error
=============================
  Type   FalsePos   FalseNeg  
-----------------------------
   dAP      14.42      23.64  
=============================

-- coco_instances_results_4 --

bbox AP @ 50: 60.02

                         Main Errors
=============================================================
  Type      Cls      Loc     Both     Dupe      Bkg     Miss  
-------------------------------------------------------------
   dAP     9.43     6.19     0.63     0.41     2.98     5.52  
=============================================================

        Special Error
=============================
  Type   FalsePos   FalseNeg  
-----------------------------
   dAP      15.18      19.16  
=============================

-- coco_instances_results_5 --

bbox AP @ 50: 65.54

                         Main Errors
=============================================================
  Type      Cls      Loc     Both     Dupe      Bkg     Miss  
-------------------------------------------------------------
   dAP     6.00     6.57     0.67     0.42     3.00     4.27  
=============================================================

        Special Error
=============================
  Type   FalsePos   FalseNeg  
-----------------------------
   dAP      16.03      13.82  
=============================

-- coco_instances_results_6 --

bbox AP @ 50: 67.39

                         Main Errors
=============================================================
  Type      Cls      Loc     Both     Dupe      Bkg     Miss  
-------------------------------------------------------------
   dAP     6.45     6.31     0.65     0.44     2.45     4.06  
=============================================================

        Special Error
=============================
  Type   FalsePos   FalseNeg  
-----------------------------
   dAP      14.46      14.09  
=============================

/media/deepstorage01/datasets_external/coco/annotations/instances_val2017_level_7.json
-- coco_instances_results --

bbox AP @ 50: 56.61

                         Main Errors
=============================================================
  Type      Cls      Loc     Both     Dupe      Bkg     Miss  
-------------------------------------------------------------
   dAP     3.25     6.72     1.14     0.36     3.63     5.51  
=============================================================

        Special Error
=============================
  Type   FalsePos   FalseNeg  
-----------------------------
   dAP      23.65      11.81  
=============================

-- coco_instances_results_0 --

bbox AP @ 50: 56.80

                         Main Errors
=============================================================
  Type      Cls      Loc     Both     Dupe      Bkg     Miss  
-------------------------------------------------------------
   dAP     5.87     6.85     1.04     0.36     3.70     5.83  
=============================================================

        Special Error
=============================
  Type   FalsePos   FalseNeg  
-----------------------------
   dAP      19.20      16.16  
=============================

-- coco_instances_results_1 --

bbox AP @ 50: 56.26

                         Main Errors
=============================================================
  Type      Cls      Loc     Both     Dupe      Bkg     Miss  
-------------------------------------------------------------
   dAP     6.75     6.92     0.80     0.36     3.71     6.20  
=============================================================

        Special Error
=============================
  Type   FalsePos   FalseNeg  
-----------------------------
   dAP      17.96      18.71  
=============================

-- coco_instances_results_2 --

bbox AP @ 50: 55.66

                         Main Errors
=============================================================
  Type      Cls      Loc     Both     Dupe      Bkg     Miss  
-------------------------------------------------------------
   dAP     9.12     6.68     0.78     0.35     3.18     6.44  
=============================================================

        Special Error
=============================
  Type   FalsePos   FalseNeg  
-----------------------------
   dAP      16.30      21.31  
=============================

-- coco_instances_results_3 --

bbox AP @ 50: 55.91

                         Main Errors
=============================================================
  Type      Cls      Loc     Both     Dupe      Bkg     Miss  
-------------------------------------------------------------
   dAP    11.49     6.31     0.61     0.36     2.83     6.15  
=============================================================

        Special Error
=============================
  Type   FalsePos   FalseNeg  
-----------------------------
   dAP      14.42      23.64  
=============================

-- coco_instances_results_4 --

bbox AP @ 50: 60.02

                         Main Errors
=============================================================
  Type      Cls      Loc     Both     Dupe      Bkg     Miss  
-------------------------------------------------------------
   dAP     9.43     6.19     0.63     0.41     2.98     5.52  
=============================================================

        Special Error
=============================
  Type   FalsePos   FalseNeg  
-----------------------------
   dAP      15.18      19.16  
=============================

-- coco_instances_results_5 --

bbox AP @ 50: 65.54

                         Main Errors
=============================================================
  Type      Cls      Loc     Both     Dupe      Bkg     Miss  
-------------------------------------------------------------
   dAP     6.00     6.57     0.67     0.42     3.00     4.27  
=============================================================

        Special Error
=============================
  Type   FalsePos   FalseNeg  
-----------------------------
   dAP      16.03      13.82  
=============================

-- coco_instances_results_6 --

bbox AP @ 50: 67.39

                         Main Errors
=============================================================
  Type      Cls      Loc     Both     Dupe      Bkg     Miss  
-------------------------------------------------------------
   dAP     6.45     6.31     0.65     0.44     2.45     4.06  
=============================================================

        Special Error
=============================
  Type   FalsePos   FalseNeg  
-----------------------------
   dAP      14.46      14.09  
=============================

-- coco_instances_results_7 --

bbox AP @ 50: 67.28

                         Main Errors
=============================================================
  Type      Cls      Loc     Both     Dupe      Bkg     Miss  
-------------------------------------------------------------
   dAP     7.82     6.11     0.50     0.43     2.37     4.91  
=============================================================

        Special Error
=============================
  Type   FalsePos   FalseNeg  
-----------------------------
   dAP      12.65      16.21  
=============================

/media/deepstorage01/datasets_external/coco/annotations/instances_val2017_level_8.json
-- coco_instances_results --

bbox AP @ 50: 56.61

                         Main Errors
=============================================================
  Type      Cls      Loc     Both     Dupe      Bkg     Miss  
-------------------------------------------------------------
   dAP     3.25     6.72     1.14     0.36     3.63     5.51  
=============================================================

        Special Error
=============================
  Type   FalsePos   FalseNeg  
-----------------------------
   dAP      23.65      11.81  
=============================

-- coco_instances_results_0 --

bbox AP @ 50: 56.80

                         Main Errors
=============================================================
  Type      Cls      Loc     Both     Dupe      Bkg     Miss  
-------------------------------------------------------------
   dAP     5.87     6.85     1.04     0.36     3.70     5.83  
=============================================================

        Special Error
=============================
  Type   FalsePos   FalseNeg  
-----------------------------
   dAP      19.20      16.16  
=============================

-- coco_instances_results_1 --

bbox AP @ 50: 56.26

                         Main Errors
=============================================================
  Type      Cls      Loc     Both     Dupe      Bkg     Miss  
-------------------------------------------------------------
   dAP     6.75     6.92     0.80     0.36     3.71     6.20  
=============================================================

        Special Error
=============================
  Type   FalsePos   FalseNeg  
-----------------------------
   dAP      17.96      18.71  
=============================

-- coco_instances_results_2 --

bbox AP @ 50: 55.66

                         Main Errors
=============================================================
  Type      Cls      Loc     Both     Dupe      Bkg     Miss  
-------------------------------------------------------------
   dAP     9.12     6.68     0.78     0.35     3.18     6.44  
=============================================================

        Special Error
=============================
  Type   FalsePos   FalseNeg  
-----------------------------
   dAP      16.30      21.31  
=============================

-- coco_instances_results_3 --

bbox AP @ 50: 55.91

                         Main Errors
=============================================================
  Type      Cls      Loc     Both     Dupe      Bkg     Miss  
-------------------------------------------------------------
   dAP    11.49     6.31     0.61     0.36     2.83     6.15  
=============================================================

        Special Error
=============================
  Type   FalsePos   FalseNeg  
-----------------------------
   dAP      14.42      23.64  
=============================

-- coco_instances_results_4 --

bbox AP @ 50: 60.02

                         Main Errors
=============================================================
  Type      Cls      Loc     Both     Dupe      Bkg     Miss  
-------------------------------------------------------------
   dAP     9.43     6.19     0.63     0.41     2.98     5.52  
=============================================================

        Special Error
=============================
  Type   FalsePos   FalseNeg  
-----------------------------
   dAP      15.18      19.16  
=============================

-- coco_instances_results_5 --

bbox AP @ 50: 65.54

                         Main Errors
=============================================================
  Type      Cls      Loc     Both     Dupe      Bkg     Miss  
-------------------------------------------------------------
   dAP     6.00     6.57     0.67     0.42     3.00     4.27  
=============================================================

        Special Error
=============================
  Type   FalsePos   FalseNeg  
-----------------------------
   dAP      16.03      13.82  
=============================

-- coco_instances_results_6 --

bbox AP @ 50: 67.39

                         Main Errors
=============================================================
  Type      Cls      Loc     Both     Dupe      Bkg     Miss  
-------------------------------------------------------------
   dAP     6.45     6.31     0.65     0.44     2.45     4.06  
=============================================================

        Special Error
=============================
  Type   FalsePos   FalseNeg  
-----------------------------
   dAP      14.46      14.09  
=============================

-- coco_instances_results_7 --

bbox AP @ 50: 67.28

                         Main Errors
=============================================================
  Type      Cls      Loc     Both     Dupe      Bkg     Miss  
-------------------------------------------------------------
   dAP     7.82     6.11     0.50     0.43     2.37     4.91  
=============================================================

        Special Error
=============================
  Type   FalsePos   FalseNeg  
-----------------------------
   dAP      12.65      16.21  
=============================

-- coco_instances_results_8 --

bbox AP @ 50: 68.00

                         Main Errors
=============================================================
  Type      Cls      Loc     Both     Dupe      Bkg     Miss  
-------------------------------------------------------------
   dAP     7.57     6.03     0.51     0.44     2.47     4.52  
=============================================================

        Special Error
=============================
  Type   FalsePos   FalseNeg  
-----------------------------
   dAP      13.08      15.30  
=============================

-- coco_instances_results --

bbox AP @ 50: 56.89

                         Main Errors
=============================================================
  Type      Cls      Loc     Both     Dupe      Bkg     Miss  
-------------------------------------------------------------
   dAP     3.46     6.61     1.14     0.34     3.56     5.61  
=============================================================

        Special Error
=============================
  Type   FalsePos   FalseNeg  
-----------------------------
   dAP      23.10      12.24  
=============================

/media/deepstorage01/datasets_external/coco/annotations/instances_val2017_level_0.json
-- coco_instances_results --

bbox AP @ 50: 56.89

                         Main Errors
=============================================================
  Type      Cls      Loc     Both     Dupe      Bkg     Miss  
-------------------------------------------------------------
   dAP     3.46     6.61     1.14     0.34     3.56     5.61  
=============================================================

        Special Error
=============================
  Type   FalsePos   FalseNeg  
-----------------------------
   dAP      23.10      12.24  
=============================

-- coco_instances_results_0 --

bbox AP @ 50: 57.16

                         Main Errors
=============================================================
  Type      Cls      Loc     Both     Dupe      Bkg     Miss  
-------------------------------------------------------------
   dAP     5.06     6.74     1.11     0.37     3.72     5.63  
=============================================================

        Special Error
=============================
  Type   FalsePos   FalseNeg  
-----------------------------
   dAP      19.82      14.97  
=============================

/media/deepstorage01/datasets_external/coco/annotations/instances_val2017_level_1.json
-- coco_instances_results --

bbox AP @ 50: 56.89

                         Main Errors
=============================================================
  Type      Cls      Loc     Both     Dupe      Bkg     Miss  
-------------------------------------------------------------
   dAP     3.46     6.61     1.14     0.34     3.56     5.61  
=============================================================

        Special Error
=============================
  Type   FalsePos   FalseNeg  
-----------------------------
   dAP      23.10      12.24  
=============================

-- coco_instances_results_0 --

bbox AP @ 50: 57.16

                         Main Errors
=============================================================
  Type      Cls      Loc     Both     Dupe      Bkg     Miss  
-------------------------------------------------------------
   dAP     5.06     6.74     1.11     0.37     3.72     5.63  
=============================================================

        Special Error
=============================
  Type   FalsePos   FalseNeg  
-----------------------------
   dAP      19.82      14.97  
=============================

-- coco_instances_results_1 --

bbox AP @ 50: 56.60

                         Main Errors
=============================================================
  Type      Cls      Loc     Both     Dupe      Bkg     Miss  
-------------------------------------------------------------
   dAP     5.77     6.80     0.88     0.38     3.70     5.93  
=============================================================

        Special Error
=============================
  Type   FalsePos   FalseNeg  
-----------------------------
   dAP      18.83      15.98  
=============================

/media/deepstorage01/datasets_external/coco/annotations/instances_val2017_level_2.json
-- coco_instances_results --

bbox AP @ 50: 56.89

                         Main Errors
=============================================================
  Type      Cls      Loc     Both     Dupe      Bkg     Miss  
-------------------------------------------------------------
   dAP     3.46     6.61     1.14     0.34     3.56     5.61  
=============================================================

        Special Error
=============================
  Type   FalsePos   FalseNeg  
-----------------------------
   dAP      23.10      12.24  
=============================

-- coco_instances_results_0 --

bbox AP @ 50: 57.16

                         Main Errors
=============================================================
  Type      Cls      Loc     Both     Dupe      Bkg     Miss  
-------------------------------------------------------------
   dAP     5.06     6.74     1.11     0.37     3.72     5.63  
=============================================================

        Special Error
=============================
  Type   FalsePos   FalseNeg  
-----------------------------
   dAP      19.82      14.97  
=============================

-- coco_instances_results_1 --

bbox AP @ 50: 56.60

                         Main Errors
=============================================================
  Type      Cls      Loc     Both     Dupe      Bkg     Miss  
-------------------------------------------------------------
   dAP     5.77     6.80     0.88     0.38     3.70     5.93  
=============================================================

        Special Error
=============================
  Type   FalsePos   FalseNeg  
-----------------------------
   dAP      18.83      15.98  
=============================

-- coco_instances_results_2 --

bbox AP @ 50: 56.44

                         Main Errors
=============================================================
  Type      Cls      Loc     Both     Dupe      Bkg     Miss  
-------------------------------------------------------------
   dAP     8.17     6.77     0.94     0.38     3.24     6.04  
=============================================================

        Special Error
=============================
  Type   FalsePos   FalseNeg  
-----------------------------
   dAP      16.80      18.89  
=============================

/media/deepstorage01/datasets_external/coco/annotations/instances_val2017_level_3.json
-- coco_instances_results --

bbox AP @ 50: 56.89

                         Main Errors
=============================================================
  Type      Cls      Loc     Both     Dupe      Bkg     Miss  
-------------------------------------------------------------
   dAP     3.46     6.61     1.14     0.34     3.56     5.61  
=============================================================

        Special Error
=============================
  Type   FalsePos   FalseNeg  
-----------------------------
   dAP      23.10      12.24  
=============================

-- coco_instances_results_0 --

bbox AP @ 50: 57.16

                         Main Errors
=============================================================
  Type      Cls      Loc     Both     Dupe      Bkg     Miss  
-------------------------------------------------------------
   dAP     5.06     6.74     1.11     0.37     3.72     5.63  
=============================================================

        Special Error
=============================
  Type   FalsePos   FalseNeg  
-----------------------------
   dAP      19.82      14.97  
=============================

-- coco_instances_results_1 --

bbox AP @ 50: 56.60

                         Main Errors
=============================================================
  Type      Cls      Loc     Both     Dupe      Bkg     Miss  
-------------------------------------------------------------
   dAP     5.77     6.80     0.88     0.38     3.70     5.93  
=============================================================

        Special Error
=============================
  Type   FalsePos   FalseNeg  
-----------------------------
   dAP      18.83      15.98  
=============================

-- coco_instances_results_2 --

bbox AP @ 50: 56.44

                         Main Errors
=============================================================
  Type      Cls      Loc     Both     Dupe      Bkg     Miss  
-------------------------------------------------------------
   dAP     8.17     6.77     0.94     0.38     3.24     6.04  
=============================================================

        Special Error
=============================
  Type   FalsePos   FalseNeg  
-----------------------------
   dAP      16.80      18.89  
=============================

-- coco_instances_results_3 --

bbox AP @ 50: 56.54

                         Main Errors
=============================================================
  Type      Cls      Loc     Both     Dupe      Bkg     Miss  
-------------------------------------------------------------
   dAP    10.42     6.49     0.81     0.39     2.81     5.82  
=============================================================

        Special Error
=============================
  Type   FalsePos   FalseNeg  
-----------------------------
   dAP      14.94      21.04  
=============================

/media/deepstorage01/datasets_external/coco/annotations/instances_val2017_level_4.json
-- coco_instances_results --

bbox AP @ 50: 56.89

                         Main Errors
=============================================================
  Type      Cls      Loc     Both     Dupe      Bkg     Miss  
-------------------------------------------------------------
   dAP     3.46     6.61     1.14     0.34     3.56     5.61  
=============================================================

        Special Error
=============================
  Type   FalsePos   FalseNeg  
-----------------------------
   dAP      23.10      12.24  
=============================

-- coco_instances_results_0 --

bbox AP @ 50: 57.16

                         Main Errors
=============================================================
  Type      Cls      Loc     Both     Dupe      Bkg     Miss  
-------------------------------------------------------------
   dAP     5.06     6.74     1.11     0.37     3.72     5.63  
=============================================================

        Special Error
=============================
  Type   FalsePos   FalseNeg  
-----------------------------
   dAP      19.82      14.97  
=============================

-- coco_instances_results_1 --

bbox AP @ 50: 56.60

                         Main Errors
=============================================================
  Type      Cls      Loc     Both     Dupe      Bkg     Miss  
-------------------------------------------------------------
   dAP     5.77     6.80     0.88     0.38     3.70     5.93  
=============================================================

        Special Error
=============================
  Type   FalsePos   FalseNeg  
-----------------------------
   dAP      18.83      15.98  
=============================

-- coco_instances_results_2 --

bbox AP @ 50: 56.44

                         Main Errors
=============================================================
  Type      Cls      Loc     Both     Dupe      Bkg     Miss  
-------------------------------------------------------------
   dAP     8.17     6.77     0.94     0.38     3.24     6.04  
=============================================================

        Special Error
=============================
  Type   FalsePos   FalseNeg  
-----------------------------
   dAP      16.80      18.89  
=============================

-- coco_instances_results_3 --

bbox AP @ 50: 56.54

                         Main Errors
=============================================================
  Type      Cls      Loc     Both     Dupe      Bkg     Miss  
-------------------------------------------------------------
   dAP    10.42     6.49     0.81     0.39     2.81     5.82  
=============================================================

        Special Error
=============================
  Type   FalsePos   FalseNeg  
-----------------------------
   dAP      14.94      21.04  
=============================

-- coco_instances_results_4 --

bbox AP @ 50: 60.79

                         Main Errors
=============================================================
  Type      Cls      Loc     Both     Dupe      Bkg     Miss  
-------------------------------------------------------------
   dAP     8.39     6.34     0.64     0.41     2.97     5.40  
=============================================================

        Special Error
=============================
  Type   FalsePos   FalseNeg  
-----------------------------
   dAP      14.98      18.69  
=============================

/media/deepstorage01/datasets_external/coco/annotations/instances_val2017_level_5.json
-- coco_instances_results --

bbox AP @ 50: 56.89

                         Main Errors
=============================================================
  Type      Cls      Loc     Both     Dupe      Bkg     Miss  
-------------------------------------------------------------
   dAP     3.46     6.61     1.14     0.34     3.56     5.61  
=============================================================

        Special Error
=============================
  Type   FalsePos   FalseNeg  
-----------------------------
   dAP      23.10      12.24  
=============================

-- coco_instances_results_0 --

bbox AP @ 50: 57.16

                         Main Errors
=============================================================
  Type      Cls      Loc     Both     Dupe      Bkg     Miss  
-------------------------------------------------------------
   dAP     5.06     6.74     1.11     0.37     3.72     5.63  
=============================================================

        Special Error
=============================
  Type   FalsePos   FalseNeg  
-----------------------------
   dAP      19.82      14.97  
=============================

-- coco_instances_results_1 --

bbox AP @ 50: 56.60

                         Main Errors
=============================================================
  Type      Cls      Loc     Both     Dupe      Bkg     Miss  
-------------------------------------------------------------
   dAP     5.77     6.80     0.88     0.38     3.70     5.93  
=============================================================

        Special Error
=============================
  Type   FalsePos   FalseNeg  
-----------------------------
   dAP      18.83      15.98  
=============================

-- coco_instances_results_2 --

bbox AP @ 50: 56.44

                         Main Errors
=============================================================
  Type      Cls      Loc     Both     Dupe      Bkg     Miss  
-------------------------------------------------------------
   dAP     8.17     6.77     0.94     0.38     3.24     6.04  
=============================================================

        Special Error
=============================
  Type   FalsePos   FalseNeg  
-----------------------------
   dAP      16.80      18.89  
=============================

-- coco_instances_results_3 --

bbox AP @ 50: 56.54

                         Main Errors
=============================================================
  Type      Cls      Loc     Both     Dupe      Bkg     Miss  
-------------------------------------------------------------
   dAP    10.42     6.49     0.81     0.39     2.81     5.82  
=============================================================

        Special Error
=============================
  Type   FalsePos   FalseNeg  
-----------------------------
   dAP      14.94      21.04  
=============================

-- coco_instances_results_4 --

bbox AP @ 50: 60.79

                         Main Errors
=============================================================
  Type      Cls      Loc     Both     Dupe      Bkg     Miss  
-------------------------------------------------------------
   dAP     8.39     6.34     0.64     0.41     2.97     5.40  
=============================================================

        Special Error
=============================
  Type   FalsePos   FalseNeg  
-----------------------------
   dAP      14.98      18.69  
=============================

-- coco_instances_results_5 --

bbox AP @ 50: 66.26

                         Main Errors
=============================================================
  Type      Cls      Loc     Both     Dupe      Bkg     Miss  
-------------------------------------------------------------
   dAP     5.54     6.70     0.65     0.43     3.05     3.88  
=============================================================

        Special Error
=============================
  Type   FalsePos   FalseNeg  
-----------------------------
   dAP      15.92      13.24  
=============================

/media/deepstorage01/datasets_external/coco/annotations/instances_val2017_level_6.json
-- coco_instances_results --

bbox AP @ 50: 56.89

                         Main Errors
=============================================================
  Type      Cls      Loc     Both     Dupe      Bkg     Miss  
-------------------------------------------------------------
   dAP     3.46     6.61     1.14     0.34     3.56     5.61  
=============================================================

        Special Error
=============================
  Type   FalsePos   FalseNeg  
-----------------------------
   dAP      23.10      12.24  
=============================

-- coco_instances_results_0 --

bbox AP @ 50: 57.16

                         Main Errors
=============================================================
  Type      Cls      Loc     Both     Dupe      Bkg     Miss  
-------------------------------------------------------------
   dAP     5.06     6.74     1.11     0.37     3.72     5.63  
=============================================================

        Special Error
=============================
  Type   FalsePos   FalseNeg  
-----------------------------
   dAP      19.82      14.97  
=============================

-- coco_instances_results_1 --

bbox AP @ 50: 56.60

                         Main Errors
=============================================================
  Type      Cls      Loc     Both     Dupe      Bkg     Miss  
-------------------------------------------------------------
   dAP     5.77     6.80     0.88     0.38     3.70     5.93  
=============================================================

        Special Error
=============================
  Type   FalsePos   FalseNeg  
-----------------------------
   dAP      18.83      15.98  
=============================

-- coco_instances_results_2 --

bbox AP @ 50: 56.44

                         Main Errors
=============================================================
  Type      Cls      Loc     Both     Dupe      Bkg     Miss  
-------------------------------------------------------------
   dAP     8.17     6.77     0.94     0.38     3.24     6.04  
=============================================================

        Special Error
=============================
  Type   FalsePos   FalseNeg  
-----------------------------
   dAP      16.80      18.89  
=============================

-- coco_instances_results_3 --

bbox AP @ 50: 56.54

                         Main Errors
=============================================================
  Type      Cls      Loc     Both     Dupe      Bkg     Miss  
-------------------------------------------------------------
   dAP    10.42     6.49     0.81     0.39     2.81     5.82  
=============================================================

        Special Error
=============================
  Type   FalsePos   FalseNeg  
-----------------------------
   dAP      14.94      21.04  
=============================

-- coco_instances_results_4 --

bbox AP @ 50: 60.79

                         Main Errors
=============================================================
  Type      Cls      Loc     Both     Dupe      Bkg     Miss  
-------------------------------------------------------------
   dAP     8.39     6.34     0.64     0.41     2.97     5.40  
=============================================================

        Special Error
=============================
  Type   FalsePos   FalseNeg  
-----------------------------
   dAP      14.98      18.69  
=============================

-- coco_instances_results_5 --

bbox AP @ 50: 66.26

                         Main Errors
=============================================================
  Type      Cls      Loc     Both     Dupe      Bkg     Miss  
-------------------------------------------------------------
   dAP     5.54     6.70     0.65     0.43     3.05     3.88  
=============================================================

        Special Error
=============================
  Type   FalsePos   FalseNeg  
-----------------------------
   dAP      15.92      13.24  
=============================

-- coco_instances_results_6 --

bbox AP @ 50: 68.10

                         Main Errors
=============================================================
  Type      Cls      Loc     Both     Dupe      Bkg     Miss  
-------------------------------------------------------------
   dAP     5.94     6.41     0.62     0.44     2.51     3.79  
=============================================================

        Special Error
=============================
  Type   FalsePos   FalseNeg  
-----------------------------
   dAP      14.24      13.61  
=============================

/media/deepstorage01/datasets_external/coco/annotations/instances_val2017_level_7.json
-- coco_instances_results --

bbox AP @ 50: 56.89

                         Main Errors
=============================================================
  Type      Cls      Loc     Both     Dupe      Bkg     Miss  
-------------------------------------------------------------
   dAP     3.46     6.61     1.14     0.34     3.56     5.61  
=============================================================

        Special Error
=============================
  Type   FalsePos   FalseNeg  
-----------------------------
   dAP      23.10      12.24  
=============================

-- coco_instances_results_0 --

bbox AP @ 50: 57.16

                         Main Errors
=============================================================
  Type      Cls      Loc     Both     Dupe      Bkg     Miss  
-------------------------------------------------------------
   dAP     5.06     6.74     1.11     0.37     3.72     5.63  
=============================================================

        Special Error
=============================
  Type   FalsePos   FalseNeg  
-----------------------------
   dAP      19.82      14.97  
=============================

-- coco_instances_results_1 --

bbox AP @ 50: 56.60

                         Main Errors
=============================================================
  Type      Cls      Loc     Both     Dupe      Bkg     Miss  
-------------------------------------------------------------
   dAP     5.77     6.80     0.88     0.38     3.70     5.93  
=============================================================

        Special Error
=============================
  Type   FalsePos   FalseNeg  
-----------------------------
   dAP      18.83      15.98  
=============================

-- coco_instances_results_2 --

bbox AP @ 50: 56.44

                         Main Errors
=============================================================
  Type      Cls      Loc     Both     Dupe      Bkg     Miss  
-------------------------------------------------------------
   dAP     8.17     6.77     0.94     0.38     3.24     6.04  
=============================================================

        Special Error
=============================
  Type   FalsePos   FalseNeg  
-----------------------------
   dAP      16.80      18.89  
=============================

-- coco_instances_results_3 --

bbox AP @ 50: 56.54

                         Main Errors
=============================================================
  Type      Cls      Loc     Both     Dupe      Bkg     Miss  
-------------------------------------------------------------
   dAP    10.42     6.49     0.81     0.39     2.81     5.82  
=============================================================

        Special Error
=============================
  Type   FalsePos   FalseNeg  
-----------------------------
   dAP      14.94      21.04  
=============================

-- coco_instances_results_4 --

bbox AP @ 50: 60.79

                         Main Errors
=============================================================
  Type      Cls      Loc     Both     Dupe      Bkg     Miss  
-------------------------------------------------------------
   dAP     8.39     6.34     0.64     0.41     2.97     5.40  
=============================================================

        Special Error
=============================
  Type   FalsePos   FalseNeg  
-----------------------------
   dAP      14.98      18.69  
=============================

-- coco_instances_results_5 --

bbox AP @ 50: 66.26

                         Main Errors
=============================================================
  Type      Cls      Loc     Both     Dupe      Bkg     Miss  
-------------------------------------------------------------
   dAP     5.54     6.70     0.65     0.43     3.05     3.88  
=============================================================

        Special Error
=============================
  Type   FalsePos   FalseNeg  
-----------------------------
   dAP      15.92      13.24  
=============================

-- coco_instances_results_6 --

bbox AP @ 50: 68.10

                         Main Errors
=============================================================
  Type      Cls      Loc     Both     Dupe      Bkg     Miss  
-------------------------------------------------------------
   dAP     5.94     6.41     0.62     0.44     2.51     3.79  
=============================================================

        Special Error
=============================
  Type   FalsePos   FalseNeg  
-----------------------------
   dAP      14.24      13.61  
=============================

-- coco_instances_results_7 --

bbox AP @ 50: 68.02

                         Main Errors
=============================================================
  Type      Cls      Loc     Both     Dupe      Bkg     Miss  
-------------------------------------------------------------
   dAP     7.29     6.47     0.47     0.42     2.36     4.57  
=============================================================

        Special Error
=============================
  Type   FalsePos   FalseNeg  
-----------------------------
   dAP      12.17      15.86  
=============================

/media/deepstorage01/datasets_external/coco/annotations/instances_val2017_level_8.json
-- coco_instances_results --

bbox AP @ 50: 56.89

                         Main Errors
=============================================================
  Type      Cls      Loc     Both     Dupe      Bkg     Miss  
-------------------------------------------------------------
   dAP     3.46     6.61     1.14     0.34     3.56     5.61  
=============================================================

        Special Error
=============================
  Type   FalsePos   FalseNeg  
-----------------------------
   dAP      23.10      12.24  
=============================

-- coco_instances_results_0 --

bbox AP @ 50: 57.16

                         Main Errors
=============================================================
  Type      Cls      Loc     Both     Dupe      Bkg     Miss  
-------------------------------------------------------------
   dAP     5.06     6.74     1.11     0.37     3.72     5.63  
=============================================================

        Special Error
=============================
  Type   FalsePos   FalseNeg  
-----------------------------
   dAP      19.82      14.97  
=============================

-- coco_instances_results_1 --

bbox AP @ 50: 56.60

                         Main Errors
=============================================================
  Type      Cls      Loc     Both     Dupe      Bkg     Miss  
-------------------------------------------------------------
   dAP     5.77     6.80     0.88     0.38     3.70     5.93  
=============================================================

        Special Error
=============================
  Type   FalsePos   FalseNeg  
-----------------------------
   dAP      18.83      15.98  
=============================

-- coco_instances_results_2 --

bbox AP @ 50: 56.44

                         Main Errors
=============================================================
  Type      Cls      Loc     Both     Dupe      Bkg     Miss  
-------------------------------------------------------------
   dAP     8.17     6.77     0.94     0.38     3.24     6.04  
=============================================================

        Special Error
=============================
  Type   FalsePos   FalseNeg  
-----------------------------
   dAP      16.80      18.89  
=============================

-- coco_instances_results_3 --

bbox AP @ 50: 56.54

                         Main Errors
=============================================================
  Type      Cls      Loc     Both     Dupe      Bkg     Miss  
-------------------------------------------------------------
   dAP    10.42     6.49     0.81     0.39     2.81     5.82  
=============================================================

        Special Error
=============================
  Type   FalsePos   FalseNeg  
-----------------------------
   dAP      14.94      21.04  
=============================

-- coco_instances_results_4 --

bbox AP @ 50: 60.79

                         Main Errors
=============================================================
  Type      Cls      Loc     Both     Dupe      Bkg     Miss  
-------------------------------------------------------------
   dAP     8.39     6.34     0.64     0.41     2.97     5.40  
=============================================================

        Special Error
=============================
  Type   FalsePos   FalseNeg  
-----------------------------
   dAP      14.98      18.69  
=============================

-- coco_instances_results_5 --

bbox AP @ 50: 66.26

                         Main Errors
=============================================================
  Type      Cls      Loc     Both     Dupe      Bkg     Miss  
-------------------------------------------------------------
   dAP     5.54     6.70     0.65     0.43     3.05     3.88  
=============================================================

        Special Error
=============================
  Type   FalsePos   FalseNeg  
-----------------------------
   dAP      15.92      13.24  
=============================

-- coco_instances_results_6 --

bbox AP @ 50: 68.10

                         Main Errors
=============================================================
  Type      Cls      Loc     Both     Dupe      Bkg     Miss  
-------------------------------------------------------------
   dAP     5.94     6.41     0.62     0.44     2.51     3.79  
=============================================================

        Special Error
=============================
  Type   FalsePos   FalseNeg  
-----------------------------
   dAP      14.24      13.61  
=============================

-- coco_instances_results_7 --

bbox AP @ 50: 68.02

                         Main Errors
=============================================================
  Type      Cls      Loc     Both     Dupe      Bkg     Miss  
-------------------------------------------------------------
   dAP     7.29     6.47     0.47     0.42     2.36     4.57  
=============================================================

        Special Error
=============================
  Type   FalsePos   FalseNeg  
-----------------------------
   dAP      12.17      15.86  
=============================

-- coco_instances_results_8 --

bbox AP @ 50: 68.76

                         Main Errors
=============================================================
  Type      Cls      Loc     Both     Dupe      Bkg     Miss  
-------------------------------------------------------------
   dAP     7.23     6.33     0.48     0.41     2.44     4.22  
=============================================================

        Special Error
=============================
  Type   FalsePos   FalseNeg  
-----------------------------
   dAP      12.64      15.21  
=============================

